<?xml version="1.0" encoding="UTF-8"?>
<robot generator="Robot 4.1.3 (Python 3.9.4 on win32)" generated="20220328 21:28:56.229" rpa="false" schemaversion="2">
<suite id="s1" name="GET show-mine" source="C:\Projetos\robot_projeto\Estudo_API\requests\GET_show-mine.robot">
<test id="s1-t1" name="Get_users">
<kw name="Create Session" library="RequestsLibrary">
<arg>url</arg>
<arg>${base_url}</arg>
<doc>Create Session: create a HTTP session to a server</doc>
<msg timestamp="20220328 21:28:56.405" level="INFO">Creating Session using : alias=url, url=http://api-iguatemi.sensedia.com/i365-bff/hml/v1/telos, headers={},                     cookies={}, auth=None, timeout=None, proxies=None, verify=False,                     debug=0 </msg>
<status status="PASS" starttime="20220328 21:28:56.404" endtime="20220328 21:28:56.405"/>
</kw>
<kw name="Create Dictionary" library="BuiltIn">
<var>${headers}</var>
<arg>Authorization=${bearerToken}</arg>
<arg>Content-Type=application/json</arg>
<doc>Creates and returns a dictionary based on the given ``items``.</doc>
<msg timestamp="20220328 21:28:56.406" level="INFO">${headers} = {'Authorization': '"Bearer eyJhbGciOiJIUzI1NiJ9.OWI1OGVlMWYtOWVmNi00MzE1LTkwNmMtNDA0OTJjYTRjNWZi.KKsI6D5ANlA--RgNJsnrWM1T2fImUkDvC0DA3J55d2Y"', 'Content-Type': 'application/json'}</msg>
<status status="PASS" starttime="20220328 21:28:56.406" endtime="20220328 21:28:56.406"/>
</kw>
<kw name="GET On Session" library="RequestsLibrary">
<var>${response}</var>
<arg>url</arg>
<arg>/cart/mine</arg>
<arg>headers=${headers}</arg>
<doc>Sends a GET request on a previously created HTTP Session.</doc>
<msg timestamp="20220328 21:28:57.036" level="INFO">GET Request : url=http://api-iguatemi.sensedia.com/i365-bff/hml/v1/telos/cart/mine 
 path_url=/i365-bff/hml/v1/telos/cart/mine 
 headers={'User-Agent': 'python-requests/2.26.0', 'Accept-Encoding': 'gzip, deflate', 'Accept': '*/*', 'Connection': 'keep-alive', 'Authorization': '"Bearer eyJhbGciOiJIUzI1NiJ9.OWI1OGVlMWYtOWVmNi00MzE1LTkwNmMtNDA0OTJjYTRjNWZi.KKsI6D5ANlA--RgNJsnrWM1T2fImUkDvC0DA3J55d2Y"', 'Content-Type': 'application/json'} 
 body=None 
 </msg>
<msg timestamp="20220328 21:28:57.036" level="INFO">GET Response : url=http://api-iguatemi.sensedia.com/i365-bff/hml/v1/telos/cart/mine 
 status=401, reason=Unauthorized 
 headers={'content-security-policy': "default-src 'self';base-uri 'self';block-all-mixed-content;font-src 'self' https: data:;frame-ancestors 'self';img-src 'self' data:;object-src 'none';script-src 'self';script-src-attr 'none';style-src 'self' https: 'unsafe-inline';upgrade-insecure-requests", 'Content-Type': 'application/json;charset=utf-8', 'date': 'Tue, 29 Mar 2022 00:31:16 GMT', 'etag': 'W/"4a-S1BPmVmD8aFNvCIxN+9ib21Vf4g"', 'expect-ct': 'max-age=0', 'referrer-policy': 'no-referrer', 'Server': 'Sensedia API Platform', 'strict-transport-security': 'max-age=15724800; includeSubDomains', 'x-content-type-options': 'nosniff', 'x-dns-prefetch-control': 'off', 'x-download-options': 'noopen', 'x-frame-options': 'SAMEORIGIN', 'x-permitted-cross-domain-policies': 'none', 'x-xss-protection': '0', 'transfer-encoding': 'chunked', 'Connection': 'keep-alive'} 
 body={"code":401,"error":"The consumer isn't authorized to access %resources."} 
 </msg>
<msg timestamp="20220328 21:28:57.043" level="FAIL">HTTPError: 401 Client Error: Unauthorized for url: http://api-iguatemi.sensedia.com/i365-bff/hml/v1/telos/cart/mine</msg>
<status status="FAIL" starttime="20220328 21:28:56.407" endtime="20220328 21:28:57.043"/>
</kw>
<kw name="Log To Console" library="BuiltIn">
<arg>${response.status_code}</arg>
<doc>Logs the given message to the console.</doc>
<status status="NOT RUN" starttime="20220328 21:28:57.045" endtime="20220328 21:28:57.045"/>
</kw>
<kw name="Log To Console" library="BuiltIn">
<arg>${response.content}</arg>
<doc>Logs the given message to the console.</doc>
<status status="NOT RUN" starttime="20220328 21:28:57.046" endtime="20220328 21:28:57.047"/>
</kw>
<kw name="Log To Console" library="BuiltIn">
<arg>${response.headers}</arg>
<doc>Logs the given message to the console.</doc>
<status status="NOT RUN" starttime="20220328 21:28:57.047" endtime="20220328 21:28:57.047"/>
</kw>
<kw name="Convert To String" library="BuiltIn">
<var>${status_code}</var>
<arg>${response.status_code}</arg>
<doc>Converts the given item to a Unicode string.</doc>
<status status="NOT RUN" starttime="20220328 21:28:57.048" endtime="20220328 21:28:57.048"/>
</kw>
<kw name="Should Be Equal" library="BuiltIn">
<arg>${status_code}</arg>
<arg>200</arg>
<doc>Fails if the given objects are unequal.</doc>
<status status="NOT RUN" starttime="20220328 21:28:57.050" endtime="20220328 21:28:57.050"/>
</kw>
<status status="FAIL" starttime="20220328 21:28:56.404" endtime="20220328 21:28:57.051">HTTPError: 401 Client Error: Unauthorized for url: http://api-iguatemi.sensedia.com/i365-bff/hml/v1/telos/cart/mine</status>
</test>
<status status="FAIL" starttime="20220328 21:28:56.233" endtime="20220328 21:28:57.057"/>
</suite>
<statistics>
<total>
<stat pass="0" fail="1" skip="0">All Tests</stat>
</total>
<tag>
</tag>
<suite>
<stat pass="0" fail="1" skip="0" id="s1" name="GET show-mine">GET show-mine</stat>
</suite>
</statistics>
<errors>
</errors>
</robot>
